<?xml version="1.0" encoding="UTF-8"?>
<testsuite xmlns:xsi="http://www.w3.org/2001/XMLSchema-instance" xsi:noNamespaceSchemaLocation="https://maven.apache.org/surefire/maven-surefire-plugin/xsd/surefire-test-report-3.0.xsd" version="3.0" name="com.example.githubgistapi.GithubGistApiApplicationTest" time="7.37" tests="2" errors="0" skipped="0" failures="0">
  <properties>
[...]
</properties>
  <testcase name="mainMethodTest" classname="com.example.githubgistapi.GithubGistApiApplicationTest" time="4.939">
    <system-out><![CDATA[2025-11-12T14:16:57.468+05:30  INFO 21844 --- [           main] t.c.s.AnnotationConfigContextLoaderUtils : Could not detect default configuration classes for test class [com.example.githubgistapi.GithubGistApiApplicationTest]: GithubGistApiApplicationTest does not declare any static, non-private, non-final, nested classes annotated with @Configuration.
2025-11-12T14:16:57.570+05:30  INFO 21844 --- [           main] .b.t.c.SpringBootTestContextBootstrapper : Found @SpringBootConfiguration com.example.githubgistapi.GithubGistApiApplication for test class com.example.githubgistapi.GithubGistApiApplicationTest

  .   ____          _            __ _ _
 /\\ / ___'_ __ _ _(_)_ __  __ _ \ \ \ \
( ( )\___ | '_ | '_| | '_ \/ _` | \ \ \ \
 \\/  ___)| |_)| | | | | || (_| |  ) ) ) )
  '  |____| .__|_| |_|_| |_\__, | / / / /
 =========|_|==============|___/=/_/_/_/

 :: Spring Boot ::                (v3.3.4)

2025-11-12T14:16:57.789+05:30  INFO 21844 --- [           main] c.e.g.GithubGistApiApplicationTest       : Starting GithubGistApiApplicationTest using Java 17.0.17 with PID 21844 (started by RAJESH CHERUKU in C:\github-projects\github-gist-api)
2025-11-12T14:16:57.790+05:30  INFO 21844 --- [           main] c.e.g.GithubGistApiApplicationTest       : No active profile set, falling back to 1 default profile: "default"
2025-11-12T14:16:59.832+05:30  INFO 21844 --- [           main] c.e.g.GithubGistApiApplicationTest       : Started GithubGistApiApplicationTest in 2.224 seconds (process running for 22.677)

  .   ____          _            __ _ _
 /\\ / ___'_ __ _ _(_)_ __  __ _ \ \ \ \
( ( )\___ | '_ | '_| | '_ \/ _` | \ \ \ \
 \\/  ___)| |_)| | | | | || (_| |  ) ) ) )
  '  |____| .__|_| |_|_| |_\__, | / / / /
 =========|_|==============|___/=/_/_/_/

 :: Spring Boot ::                (v3.3.4)

2025-11-12T14:16:59.952+05:30  INFO 21844 --- [           main] c.e.g.GithubGistApiApplication           : Starting GithubGistApiApplication using Java 17.0.17 with PID 21844 (started by RAJESH CHERUKU in C:\github-projects\github-gist-api)
2025-11-12T14:16:59.953+05:30  INFO 21844 --- [           main] c.e.g.GithubGistApiApplication           : No active profile set, falling back to 1 default profile: "default"
2025-11-12T14:17:04.765+05:30  INFO 21844 --- [           main] o.s.b.web.embedded.netty.NettyWebServer  : Netty started on port 8080 (http)
2025-11-12T14:17:04.774+05:30  INFO 21844 --- [           main] c.e.g.GithubGistApiApplication           : Started GithubGistApiApplication in 4.923 seconds (process running for 27.619)
]]></system-out>
  </testcase>
  <testcase name="contextLoads" classname="com.example.githubgistapi.GithubGistApiApplicationTest" time="0.012"/>
</testsuite>